{"/home/aron/Documents/code/aptitude-tests/pokemons-knowmad/src/hooks/usePokemons.js": {"path":"/home/aron/Documents/code/aptitude-tests/pokemons-knowmad/src/hooks/usePokemons.js","statementMap":{"0":{"start":{"line":3,"column":20},"end":{"line":19,"column":1}},"1":{"start":{"line":4,"column":29},"end":{"line":4,"column":47}},"2":{"start":{"line":6,"column":2},"end":{"line":18,"column":4}},"3":{"start":{"line":8,"column":23},"end":{"line":8,"column":76}},"4":{"start":{"line":10,"column":6},"end":{"line":16,"column":7}},"5":{"start":{"line":11,"column":46},"end":{"line":11,"column":67}},"6":{"start":{"line":13,"column":8},"end":{"line":13,"column":33}},"7":{"start":{"line":15,"column":8},"end":{"line":15,"column":58}}},"fnMap":{"0":{"name":"(anonymous_0)","decl":{"start":{"line":3,"column":20},"end":{"line":3,"column":21}},"loc":{"start":{"line":3,"column":26},"end":{"line":19,"column":1}},"line":3},"1":{"name":"(anonymous_1)","decl":{"start":{"line":7,"column":17},"end":{"line":7,"column":18}},"loc":{"start":{"line":7,"column":29},"end":{"line":17,"column":5}},"line":7}},"branchMap":{"0":{"loc":{"start":{"line":10,"column":6},"end":{"line":16,"column":7}},"type":"if","locations":[{"start":{"line":10,"column":6},"end":{"line":16,"column":7}},{"start":{"line":14,"column":13},"end":{"line":16,"column":7}}],"line":10}},"s":{"0":1,"1":2,"2":0,"3":0,"4":0,"5":0,"6":0,"7":0},"f":{"0":2,"1":0},"b":{"0":[0,0]},"_coverageSchema":"1a1c01bbd47fc00a2c39e90264f33305004495a9","hash":"4ad30c8d2e5c47fe0668cb85fbfe75efca84c353"}
,"/home/aron/Documents/code/aptitude-tests/pokemons-knowmad/src/store/pokemonsContext.js": {"path":"/home/aron/Documents/code/aptitude-tests/pokemons-knowmad/src/store/pokemonsContext.js","statementMap":{"0":{"start":{"line":3,"column":25},"end":{"line":16,"column":1}},"1":{"start":{"line":4,"column":34},"end":{"line":4,"column":46}},"2":{"start":{"line":6,"column":2},"end":{"line":15,"column":4}},"3":{"start":{"line":8,"column":6},"end":{"line":8,"column":28}},"4":{"start":{"line":12,"column":6},"end":{"line":12,"column":22}},"5":{"start":{"line":18,"column":24},"end":{"line":18,"column":39}},"6":{"start":{"line":20,"column":32},"end":{"line":20,"column":65}},"7":{"start":{"line":20,"column":38},"end":{"line":20,"column":65}},"8":{"start":{"line":22,"column":32},"end":{"line":30,"column":1}},"9":{"start":{"line":23,"column":24},"end":{"line":23,"column":42}},"10":{"start":{"line":25,"column":2},"end":{"line":29,"column":4}}},"fnMap":{"0":{"name":"(anonymous_0)","decl":{"start":{"line":3,"column":25},"end":{"line":3,"column":26}},"loc":{"start":{"line":3,"column":31},"end":{"line":16,"column":1}},"line":3},"1":{"name":"(anonymous_1)","decl":{"start":{"line":7,"column":4},"end":{"line":7,"column":5}},"loc":{"start":{"line":7,"column":29},"end":{"line":9,"column":5}},"line":7},"2":{"name":"(anonymous_2)","decl":{"start":{"line":11,"column":4},"end":{"line":11,"column":5}},"loc":{"start":{"line":11,"column":22},"end":{"line":13,"column":5}},"line":11},"3":{"name":"(anonymous_3)","decl":{"start":{"line":20,"column":32},"end":{"line":20,"column":33}},"loc":{"start":{"line":20,"column":38},"end":{"line":20,"column":65}},"line":20},"4":{"name":"(anonymous_4)","decl":{"start":{"line":22,"column":32},"end":{"line":22,"column":33}},"loc":{"start":{"line":22,"column":50},"end":{"line":30,"column":1}},"line":22}},"branchMap":{},"s":{"0":1,"1":0,"2":0,"3":0,"4":0,"5":1,"6":1,"7":2,"8":1,"9":0,"10":0},"f":{"0":0,"1":0,"2":0,"3":2,"4":0},"b":{},"_coverageSchema":"1a1c01bbd47fc00a2c39e90264f33305004495a9","hash":"269eccec876cd44c595ba67a852f3ab4707f23d5"}
}
