TN:
SF:src/hooks/usePokemons.js
FN:3,(anonymous_0)
FN:7,(anonymous_1)
FNF:2
FNH:1
FNDA:2,(anonymous_0)
FNDA:0,(anonymous_1)
DA:3,1
DA:4,2
DA:6,0
DA:8,0
DA:10,0
DA:11,0
DA:13,0
DA:15,0
LF:8
LH:2
BRDA:10,0,0,0
BRDA:10,0,1,0
BRF:2
BRH:0
end_of_record
TN:
SF:src/store/pokemonsContext.js
FN:3,(anonymous_0)
FN:7,(anonymous_1)
FN:11,(anonymous_2)
FN:20,(anonymous_3)
FN:22,(anonymous_4)
FNF:5
FNH:1
FNDA:0,(anonymous_0)
FNDA:0,(anonymous_1)
FNDA:0,(anonymous_2)
FNDA:2,(anonymous_3)
FNDA:0,(anonymous_4)
DA:3,1
DA:4,0
DA:6,0
DA:8,0
DA:12,0
DA:18,1
DA:20,2
DA:22,1
DA:23,0
DA:25,0
LF:10
LH:4
BRF:0
BRH:0
end_of_record
