TN:
SF:src/hooks/usePokemons.js
FN:3,(anonymous_0)
FN:7,(anonymous_1)
FNF:2
FNH:2
FNDA:3,(anonymous_0)
FNDA:2,(anonymous_1)
DA:3,1
DA:4,3
DA:6,3
DA:8,2
DA:10,2
DA:11,1
DA:13,1
DA:15,1
LF:8
LH:8
BRDA:10,0,0,1
BRDA:10,0,1,1
BRF:2
BRH:2
end_of_record
TN:
SF:src/store/pokemonsContext.js
FN:3,(anonymous_0)
FN:7,(anonymous_1)
FN:11,(anonymous_2)
FN:20,(anonymous_3)
FN:22,(anonymous_4)
FNF:5
FNH:5
FNDA:9,(anonymous_0)
FNDA:3,(anonymous_1)
FNDA:1,(anonymous_2)
FNDA:9,(anonymous_3)
FNDA:9,(anonymous_4)
DA:3,2
DA:4,9
DA:6,9
DA:8,3
DA:12,1
DA:18,2
DA:20,9
DA:22,2
DA:23,9
DA:25,9
LF:10
LH:10
BRF:0
BRH:0
end_of_record
